🔄 Complete Workflow Test
==================================

1️⃣ Creating admin user...
Admin Response: {"success":true,"user":{"id":"2d513e5e-9076-4d13-aace-5cf3646dac66","email":"admin-workflow-1772876229@test.com","full_name":"Test Admin","username":"admin-workflow-1772876229","phone":null,"profile_picture_url":null,"bio":null,"wallet_address":null,"balance":0,"total_invested":0,"total_earnings":0,"kyc_status":"not_started","is_admin":true,"account_status":"active","two_fa_enabled":false,"created_at":"2026-03-07T09:37:14.792554+00:00","updated_at":"2026-03-07T09:37:15.572071+00:00"},"message":"Account created successfully"}
✅ Admin created: 2d513e5e-9076-4d13-aace-5cf3646dac66

2️⃣ Creating regular user...
User Response: {"success":true,"user":{"id":"7430b109-ac59-4b4d-b3fc-19981a276d38","email":"user-workflow-1772876229@test.com","full_name":"Test User","username":"user-workflow-1772876229","phone":null,"profile_picture_url":null,"bio":null,"wallet_address":null,"balance":0,"total_invested":0,"total_earnings":0,"kyc_status":"not_started","is_admin":false,"account_status":"active","two_fa_enabled":false,"created_at":"2026-03-07T09:37:16.734728+00:00","updated_at":"2026-03-07T09:37:17.572399+00:00"},"message":"Account created successfully"}
✅ User created: 7430b109-ac59-4b4d-b3fc-19981a276d38

3️⃣ User logging in...
Login Response: {"success":true,"user":{"id":"7430b109-ac59-4b4d-b3fc-19981a276d38","email":"user-workflow-1772876229@test.com","created_at":"2026-03-07T09:37:16.736641Z"},"profile":{"id":"7430b109-ac59-4b4d-b3fc-19981a276d38","email":"user-workflow-1772876229@test.com","full_name":"Test User","username":"user-workflow-1772876229","phone":null,"profile_picture_url":null,"bio":null,"wallet_address":null,"balance":0,"total_invested":0,"total_earnings":0,"kyc_status":"not_started","is_admin":false,"account_status":"active","two_fa_enabled":false,"created_at":"2026-03-07T09:37:16.734728+00:00","updated_at":"2026-03-07T09:37:17.572399+00:00"},"session":{"access_token":"eyJhbGciOiJFUzI1NiIsImtpZCI6Ijc2ZDYzMDkyLTdmZTItNDJhMC05YjdjLTMwMjUyNDRiMzA2YSIsInR5cCI6IkpXVCJ9.eyJpc3MiOiJodHRwczovL2hodGRuaWhkam5sZ3lobm52dmx5LnN1cGFiYXNlLmNvL2F1dGgvdjEiLCJzdWIiOiI3NDMwYjEwOS1hYzU5LTRiNGQtYjNmYy0xOTk4MWEyNzZkMzgiLCJhdWQiOiJhdXRoZW50aWNhdGVkIiwiZXhwIjoxNzcyODc5ODM4LCJpYXQiOjE3NzI4NzYyMzgsImVtYWlsIjoidXNlci13b3JrZmxvdy0xNzcyODc2MjI5QHRlc3QuY29tIiwicGhvbmUiOiIiLCJhcHBfbWV0YWRhdGEiOnsicHJvdmlkZXIiOiJlbWFpbCIsInByb3ZpZGVycyI6WyJlbWFpbCJdfSwidXNlcl9tZXRhZGF0YSI6eyJlbWFpbF92ZXJpZmllZCI6dHJ1ZSwiZnVsbF9uYW1lIjoiVGVzdCBVc2VyIiwidXNlcm5hbWUiOiJ1c2VyLXdvcmtmbG93LTE3NzI4NzYyMjkifSwicm9sZSI6ImF1dGhlbnRpY2F0ZWQiLCJhYWwiOiJhYWwxIiwiYW1yIjpbeyJtZXRob2QiOiJwYXNzd29yZCIsInRpbWVzdGFtcCI6MTc3Mjg3NjIzOH1dLCJzZXNzaW9uX2lkIjoiYmZlNzA2MzYtOGZkMy00ODZiLWJlMGYtYTUwZTAzYWE4OTJhIiwiaXNfYW5vbnltb3VzIjpmYWxzZX0.3KmApseD1zGXj8uzmqsHvGFV4un-jZFh8I-zNAulE8x9qr7uq14IHuTwBAP8loOwiCqnLD0tKUzi-tH1-YzHtw","refresh_token":"qugy2ffvv5ie"}}
✅ User token obtained: eyJhbGciOiJFUzI1NiIs...

4️⃣ User submitting deposit...
Deposit Response: {"success":true,"deposit":{"id":"6d4ae58f-078c-4012-803d-06cf0f316002","user_id":"7430b109-ac59-4b4d-b3fc-19981a276d38","amount":1500,"currency":"USDT","wallet_address_used":"0x742d35Cc6634C0532925a3b844Bc0e7595f2bEb7","transaction_hash":"0xabc123def456","status":"pending","rejection_reason":null,"notes":null,"approved_at":null,"approved_by_admin_id":null,"completed_at":null,"created_at":"2026-03-07T09:37:19.14773+00:00"},"message":"Deposit request submitted — pending admin approval"}
✅ Deposit created: 6d4ae58f-078c-4012-803d-06cf0f316002 (Status: pending)

5️⃣ Admin logging in...
Admin Login Response: {"success":true,"user":{"id":"2d513e5e-9076-4d13-aace-5cf3646dac66","email":"admin-workflow-1772876229@test.com","created_at":"2026-03-07T09:37:14.793559Z"},"profile":{"id":"2d513e5e-9076-4d13-aace-5cf3646dac66","email":"admin-workflow-1772876229@test.com","full_name":"Test Admin","username":"admin-workflow-1772876229","phone":null,"profile_picture_url":null,"bio":null,"wallet_address":null,"balance":0,"total_invested":0,"total_earnings":0,"kyc_status":"not_started","is_admin":true,"account_status":"active","two_fa_enabled":false,"created_at":"2026-03-07T09:37:14.792554+00:00","updated_at":"2026-03-07T09:37:15.572071+00:00"},"session":{"access_token":"eyJhbGciOiJFUzI1NiIsImtpZCI6Ijc2ZDYzMDkyLTdmZTItNDJhMC05YjdjLTMwMjUyNDRiMzA2YSIsInR5cCI6IkpXVCJ9.eyJpc3MiOiJodHRwczovL2hodGRuaWhkam5sZ3lobm52dmx5LnN1cGFiYXNlLmNvL2F1dGgvdjEiLCJzdWIiOiIyZDUxM2U1ZS05MDc2LTRkMTMtYWFjZS01Y2YzNjQ2ZGFjNjYiLCJhdWQiOiJhdXRoZW50aWNhdGVkIiwiZXhwIjoxNzcyODc5ODQwLCJpYXQiOjE3NzI4NzYyNDAsImVtYWlsIjoiYWRtaW4td29ya2Zsb3ctMTc3Mjg3NjIyOUB0ZXN0LmNvbSIsInBob25lIjoiIiwiYXBwX21ldGFkYXRhIjp7InByb3ZpZGVyIjoiZW1haWwiLCJwcm92aWRlcnMiOlsiZW1haWwiXX0sInVzZXJfbWV0YWRhdGEiOnsiZW1haWxfdmVyaWZpZWQiOnRydWUsImZ1bGxfbmFtZSI6IlRlc3QgQWRtaW4iLCJ1c2VybmFtZSI6ImFkbWluLXdvcmtmbG93LTE3NzI4NzYyMjkifSwicm9sZSI6ImF1dGhlbnRpY2F0ZWQiLCJhYWwiOiJhYWwxIiwiYW1yIjpbeyJtZXRob2QiOiJwYXNzd29yZCIsInRpbWVzdGFtcCI6MTc3Mjg3NjI0MH1dLCJzZXNzaW9uX2lkIjoiZWJhMmE2MDUtOGE1MC00YTZlLTk0OTEtZDBjMTlhOWRjMzA0IiwiaXNfYW5vbnltb3VzIjpmYWxzZX0.gdY5v5ek92els_f9g1lsTTlG3rTga_FpHeEQxPS3Itw9MB-CQwsXs_3mgkIQhLrcCMTiQlQTxLX8E9T-JHxJ3g","refresh_token":"kkooz6kuoj5q"}}
✅ Admin token: eyJhbGciOiJFUzI1NiIs...

6️⃣ Admin fetching pending deposits...
Admin Deposits Response: {"success":true,"deposits":[{"id":"6d4ae58f-078c-4012-803d-06cf0f316002","user_id":"7430b109-ac59-4b4d-b3fc-19981a276d38","user_email":"Unknown","user_name":"User","amount":"1500","currency":"USDT","wallet_address_used":"0x742d35Cc6634C0532925a3b844Bc0e7595f2bEb7","transaction_hash":"0xabc123def456","status":"pending","created_at":"2026-03-07T09:37:19.14773+00:00","approved_at":null,"notes":null},{"id":"3030409b-8172-4cc2-a767-4ec26cca2dbd","user_id":"87fcb0d0-09db-489e-954c-fcaacc0890d3","user_email":"Unknown","user_name":"User","amount":"50000","currency":"BTC","wallet_address_used":"1A1zP1eP5QGefi2DMPTfTL5SLmv7Divf Na","transaction_hash":"trxxgdhjk","status":"pending","created_at":"2026-03-07T00:13:04.967855+00:00","approved_at":null,"notes":null},{"id":"33171d2a-5000-4d70-bb71-694d39d0bd83","user_id":"87fcb0d0-09db-489e-954c-fcaacc0890d3","user_email":"Unknown","user_name":"User","amount":"5000","currency":"BTC","wallet_address_used":"1A1zP1eP5QGefi2DMPTfTL5SLmv7Divf Na","transaction_hash":"trxaghjdj","status":"pending","created_at":"2026-03-06T23:29:37.936537+00:00","approved_at":null,"notes":null},{"id":"de94f704-69af-45d1-8d36-8732fd7a5e38","user_id":"e0ca6410-c67f-4fd2-a6f0-62ab8f18a2b6","user_email":"Unknown","user_name":"User","amount":"500","currency":"BTC","wallet_address_used":"YOUR_BTC_WALLET_ADDRESS","transaction_hash":null,"status":"pending","created_at":"2026-03-02T04:42:50.516592+00:00","approved_at":null,"notes":null},{"id":"f77fd878-b6f8-4c70-81f1-642ac92bfb63","user_id":"181ddf06-39ad-4546-a658-9dff8fc80bea","user_email":"Unknown","user_name":"User","amount":"500","currency":"USDT","wallet_address_used":"YOUR_USDT_WALLET_ADDRESS","transaction_hash":null,"status":"pending","created_at":"2026-03-02T02:11:33.338274+00:00","approved_at":null,"notes":null}]}
✅ Admin sees 5 pending deposits

7️⃣ Admin approving deposit...
Approve Response: {"success":true,"deposit":{"id":"6d4ae58f-078c-4012-803d-06cf0f316002","user_id":"7430b109-ac59-4b4d-b3fc-19981a276d38","amount":1500,"currency":"USDT","wallet_address_used":"0x742d35Cc6634C0532925a3b844Bc0e7595f2bEb7","transaction_hash":"0xabc123def456","status":"approved","rejection_reason":null,"notes":null,"approved_at":"2026-03-07T09:37:23.784+00:00","approved_by_admin_id":"2d513e5e-9076-4d13-aace-5cf3646dac66","completed_at":null,"created_at":"2026-03-07T09:37:19.14773+00:00"}}
✅ Deposit approved

8️⃣ User requesting withdrawal...
Withdrawal Response: {"success":true,"withdrawal":{"id":"2a575929-3f02-46fc-b8b6-676aa32d18de","user_id":"7430b109-ac59-4b4d-b3fc-19981a276d38","amount":500,"withdrawal_type":"profit","currency":"USDT","user_wallet_id":"7a193687-68c6-4a3f-9b68-568133a50589","transaction_hash":null,"status":"pending","rejection_reason":null,"notes":null,"approved_at":null,"approved_by_admin_id":null,"processing_started_at":null,"completed_at":null,"created_at":"2026-03-07T09:37:28.517949+00:00"},"message":"Withdrawal request submitted — pending admin approval"}
✅ Withdrawal submitted: 2a575929-3f02-46fc-b8b6-676aa32d18de

9️⃣ Admin approving withdrawal...
Withdrawal Approve Response: {"error":"Missing required fields"}
✅ Withdrawal approved

10️⃣ User submitting KYC...
KYC Response: {"success":true,"kyc":{"id":"fe82d7f5-1428-48f8-b59e-fc426de310c1","user_id":"7430b109-ac59-4b4d-b3fc-19981a276d38","first_name":"Test","last_name":"User","date_of_birth":"1990-01-01","country":"USA","state_province":null,"city":"Testville","postal_code":"12345","address_line_1":"123TestSt","address_line_2":null,"id_type":"passport","id_number":"P123456","id_front_url":null,"id_back_url":null,"selfie_url":null,"proof_of_address_url":null,"status":"pending","rejection_reason":null,"verified_at":null,"approved_by_admin_id":null,"created_at":"2026-03-07T09:37:30.109071+00:00","updated_at":"2026-03-07T09:37:30.109071+00:00"},"message":"KYC submitted for review"}
